Removed Pin From Net: NetName=GND Pin=M1-2
Removed Pin From Net: NetName=NetL1_2 Pin=R1-1
Added Component: Designator=R3(2512)
Added Component: Designator=R4(2512)
Added Component: Designator=R5(0603)
Added Component: Designator=R6(0603)
Added Component: Designator=R7(0603)
Added Component: Designator=R8(0603)
Added Pin To Net: NetName=Vdd Pin=R3-2
Added Pin To Net: NetName=Vdd Pin=R4-2
Added Pin To Net: NetName=NetL1_2 Pin=R5-1
Added Pin To Net: NetName=NetL1_2 Pin=R6-1
Added Pin To Net: NetName=NetL1_2 Pin=R7-1
Added Pin To Net: NetName=GND Pin=R8-1
Added Pin To Net: NetName=NetM1_2 Pin=M1-2
Added Pin To Net: NetName=NetM1_2 Pin=R8-2
Added Net: Name=NetM1_2
Added Pin To Net: NetName=NetR1_1 Pin=R1-1
Added Pin To Net: NetName=NetR1_1 Pin=R5-2
Added Net: Name=NetR1_1
Added Pin To Net: NetName=NetR3_1 Pin=R3-1
Added Pin To Net: NetName=NetR3_1 Pin=R6-2
Added Net: Name=NetR3_1
Added Pin To Net: NetName=NetR4_1 Pin=R4-1
Added Pin To Net: NetName=NetR4_1 Pin=R7-2
Added Net: Name=NetR4_1
Added Member To Class: ClassName=schematics Member=Component R3 Optional
Added Member To Class: ClassName=schematics Member=Component R4 Optional
Added Member To Class: ClassName=schematics Member=Component R5 0R
Added Member To Class: ClassName=schematics Member=Component R6 0R
Added Member To Class: ClassName=schematics Member=Component R7 0R
Added Member To Class: ClassName=schematics Member=Component R8 Pull Down R
